2016-09-19 09:07:41 [INFO] com.adcc.util.Log: -------------加载完成! 
2016-09-19 09:07:44 [INFO] com.adcc.util.Log: -------------success open! 
2016-09-19 09:08:42 [INFO] com.adcc.util.Log: -------------加载完成! 
2016-09-19 09:09:19 [INFO] com.adcc.util.Log: -------------加载完成! 
2016-09-19 09:09:21 [INFO] com.adcc.util.Log: -------------success open! 
2016-09-19 09:10:18 [INFO] com.adcc.util.Log: -------------加载完成! 
2016-09-19 09:10:19 [INFO] com.adcc.util.Log: -------------success open! 
2016-09-19 09:10:52 [INFO] com.adcc.util.Log: -------------加载完成! 
2016-09-19 09:10:54 [INFO] com.adcc.util.Log: -------------success open! 
2016-09-19 09:21:02 [INFO] com.adcc.util.Log: -------------加载完成! 
2016-09-19 09:21:03 [ERROR] com.adcc.util.Log: MQ Server error 
com.ibm.mq.pcf.PCFException: MQJE001: 完成代码为 '2'，原因为 '2085'。
	at com.ibm.mq.pcf.PCFMessageAgent.send(PCFMessageAgent.java:242)
	at com.adcc.ags.utility.mq.transfer.manager.MQManagerImpl.findQueue(MQManagerImpl.java:261)
	at com.adcc.GWUsersConfigMain.main(GWUsersConfigMain.java:174)
	at sun.reflect.NativeMethodAccessorImpl.invoke0(Native Method)
	at sun.reflect.NativeMethodAccessorImpl.invoke(NativeMethodAccessorImpl.java:57)
	at sun.reflect.DelegatingMethodAccessorImpl.invoke(DelegatingMethodAccessorImpl.java:43)
	at java.lang.reflect.Method.invoke(Method.java:601)
	at com.intellij.rt.execution.application.AppMain.main(AppMain.java:134)
2016-09-19 09:21:03 [INFO] com.adcc.util.Log: -------------success open! 
2016-09-19 09:21:52 [INFO] com.adcc.util.Log: -------------加载完成! 
2016-09-19 09:21:53 [ERROR] com.adcc.util.Log: MQ Server error 
com.ibm.mq.pcf.PCFException: MQJE001: 完成代码为 '2'，原因为 '2085'。
	at com.ibm.mq.pcf.PCFMessageAgent.send(PCFMessageAgent.java:242)
	at com.adcc.ags.utility.mq.transfer.manager.MQManagerImpl.findQueue(MQManagerImpl.java:261)
	at com.adcc.GWUsersConfigMain.main(GWUsersConfigMain.java:174)
	at sun.reflect.NativeMethodAccessorImpl.invoke0(Native Method)
	at sun.reflect.NativeMethodAccessorImpl.invoke(NativeMethodAccessorImpl.java:57)
	at sun.reflect.DelegatingMethodAccessorImpl.invoke(DelegatingMethodAccessorImpl.java:43)
	at java.lang.reflect.Method.invoke(Method.java:601)
	at com.intellij.rt.execution.application.AppMain.main(AppMain.java:134)
2016-09-19 09:21:53 [INFO] com.adcc.util.Log: -------------success open! 
2016-09-19 09:22:43 [INFO] com.adcc.util.Log: -------------加载完成! 
2016-09-19 09:22:44 [ERROR] com.adcc.util.Log: MQ Server error 
com.ibm.mq.pcf.PCFException: MQJE001: 完成代码为 '2'，原因为 '2085'。
	at com.ibm.mq.pcf.PCFMessageAgent.send(PCFMessageAgent.java:242)
	at com.adcc.ags.utility.mq.transfer.manager.MQManagerImpl.findQueue(MQManagerImpl.java:261)
	at com.adcc.GWUsersConfigMain.main(GWUsersConfigMain.java:174)
	at sun.reflect.NativeMethodAccessorImpl.invoke0(Native Method)
	at sun.reflect.NativeMethodAccessorImpl.invoke(NativeMethodAccessorImpl.java:57)
	at sun.reflect.DelegatingMethodAccessorImpl.invoke(DelegatingMethodAccessorImpl.java:43)
	at java.lang.reflect.Method.invoke(Method.java:601)
	at com.intellij.rt.execution.application.AppMain.main(AppMain.java:134)
2016-09-19 09:22:44 [INFO] com.adcc.util.Log: -------------success open! 
2016-09-19 10:15:43 [INFO] com.adcc.util.Log: -------------加载完成! 
2016-09-19 10:15:44 [ERROR] com.adcc.util.Log: MQ Server error 
com.ibm.mq.pcf.PCFException: MQJE001: 完成代码为 '2'，原因为 '2085'。
	at com.ibm.mq.pcf.PCFMessageAgent.send(PCFMessageAgent.java:242)
	at com.adcc.ags.utility.mq.transfer.manager.MQManagerImpl.findQueue(MQManagerImpl.java:261)
	at com.adcc.GWUsersConfigMain.main(GWUsersConfigMain.java:174)
	at sun.reflect.NativeMethodAccessorImpl.invoke0(Native Method)
	at sun.reflect.NativeMethodAccessorImpl.invoke(NativeMethodAccessorImpl.java:57)
	at sun.reflect.DelegatingMethodAccessorImpl.invoke(DelegatingMethodAccessorImpl.java:43)
	at java.lang.reflect.Method.invoke(Method.java:601)
	at com.intellij.rt.execution.application.AppMain.main(AppMain.java:134)
2016-09-19 10:15:44 [INFO] com.adcc.util.Log: -------------success open! 
2016-09-19 10:16:16 [INFO] com.adcc.util.Log: -------------加载完成! 
2016-09-19 10:16:17 [INFO] com.adcc.util.Log: -------------success open! 
2016-09-19 10:27:28 [INFO] com.adcc.util.Log: -------------加载完成! 
2016-09-19 10:27:30 [INFO] com.adcc.util.Log: -------------success open! 
2016-09-19 10:36:29 [INFO] com.adcc.util.Log: -------------加载完成! 
2016-09-19 10:36:30 [INFO] com.adcc.util.Log: -------------success open! 
2016-09-19 10:37:07 [ERROR] com.adcc.util.Log: 新增保存队列失败 
com.ibm.mq.pcf.PCFException: MQJE001: 完成代码为 '2'，原因为 '4001'。
	at com.ibm.mq.pcf.PCFMessageAgent.send(PCFMessageAgent.java:242)
	at com.adcc.ags.utility.mq.transfer.manager.MQManagerImpl.createQueue(MQManagerImpl.java:192)
	at com.adcc.gui.QueueAddDialog$1.widgetSelected(QueueAddDialog.java:135)
	at org.eclipse.swt.widgets.TypedListener.handleEvent(Unknown Source)
	at org.eclipse.swt.widgets.EventTable.sendEvent(Unknown Source)
	at org.eclipse.swt.widgets.Widget.sendEvent(Unknown Source)
	at org.eclipse.swt.widgets.Display.runDeferredEvents(Unknown Source)
	at org.eclipse.swt.widgets.Display.readAndDispatch(Unknown Source)
	at com.adcc.gui.QueueAddDialog.open(QueueAddDialog.java:67)
	at com.adcc.gui.QueueComposite$1.widgetSelected(QueueComposite.java:88)
	at org.eclipse.swt.widgets.TypedListener.handleEvent(Unknown Source)
	at org.eclipse.swt.widgets.EventTable.sendEvent(Unknown Source)
	at org.eclipse.swt.widgets.Widget.sendEvent(Unknown Source)
	at org.eclipse.swt.widgets.Display.runDeferredEvents(Unknown Source)
	at org.eclipse.swt.widgets.Display.readAndDispatch(Unknown Source)
	at com.adcc.GWUsersConfigMain.main(GWUsersConfigMain.java:235)
	at sun.reflect.NativeMethodAccessorImpl.invoke0(Native Method)
	at sun.reflect.NativeMethodAccessorImpl.invoke(NativeMethodAccessorImpl.java:57)
	at sun.reflect.DelegatingMethodAccessorImpl.invoke(DelegatingMethodAccessorImpl.java:43)
	at java.lang.reflect.Method.invoke(Method.java:601)
	at com.intellij.rt.execution.application.AppMain.main(AppMain.java:134)
2016-09-19 10:39:40 [INFO] com.adcc.util.Log: -------------加载完成! 
2016-09-19 10:39:42 [INFO] com.adcc.util.Log: -------------success open! 
2016-09-19 10:40:42 [ERROR] com.adcc.util.Log: 新增保存队列失败 
com.ibm.mq.pcf.PCFException: MQJE001: 完成代码为 '2'，原因为 '4001'。
	at com.ibm.mq.pcf.PCFMessageAgent.send(PCFMessageAgent.java:242)
	at com.adcc.ags.utility.mq.transfer.manager.MQManagerImpl.createQueue(MQManagerImpl.java:192)
	at com.adcc.gui.QueueAddDialog$1.widgetSelected(QueueAddDialog.java:135)
	at org.eclipse.swt.widgets.TypedListener.handleEvent(Unknown Source)
	at org.eclipse.swt.widgets.EventTable.sendEvent(Unknown Source)
	at org.eclipse.swt.widgets.Widget.sendEvent(Unknown Source)
	at org.eclipse.swt.widgets.Display.runDeferredEvents(Unknown Source)
	at org.eclipse.swt.widgets.Display.readAndDispatch(Unknown Source)
	at com.adcc.gui.QueueAddDialog.open(QueueAddDialog.java:67)
	at com.adcc.gui.QueueComposite$1.widgetSelected(QueueComposite.java:88)
	at org.eclipse.swt.widgets.TypedListener.handleEvent(Unknown Source)
	at org.eclipse.swt.widgets.EventTable.sendEvent(Unknown Source)
	at org.eclipse.swt.widgets.Widget.sendEvent(Unknown Source)
	at org.eclipse.swt.widgets.Display.runDeferredEvents(Unknown Source)
	at org.eclipse.swt.widgets.Display.readAndDispatch(Unknown Source)
	at com.adcc.GWUsersConfigMain.main(GWUsersConfigMain.java:235)
	at sun.reflect.NativeMethodAccessorImpl.invoke0(Native Method)
	at sun.reflect.NativeMethodAccessorImpl.invoke(NativeMethodAccessorImpl.java:57)
	at sun.reflect.DelegatingMethodAccessorImpl.invoke(DelegatingMethodAccessorImpl.java:43)
	at java.lang.reflect.Method.invoke(Method.java:601)
	at com.intellij.rt.execution.application.AppMain.main(AppMain.java:134)
2016-09-19 10:42:16 [ERROR] com.adcc.util.Log: 新增保存队列失败 
com.ibm.mq.pcf.PCFException: MQJE001: 完成代码为 '2'，原因为 '4001'。
	at com.ibm.mq.pcf.PCFMessageAgent.send(PCFMessageAgent.java:242)
	at com.adcc.ags.utility.mq.transfer.manager.MQManagerImpl.createQueue(MQManagerImpl.java:192)
	at com.adcc.gui.QueueAddDialog$1.widgetSelected(QueueAddDialog.java:135)
	at org.eclipse.swt.widgets.TypedListener.handleEvent(Unknown Source)
	at org.eclipse.swt.widgets.EventTable.sendEvent(Unknown Source)
	at org.eclipse.swt.widgets.Widget.sendEvent(Unknown Source)
	at org.eclipse.swt.widgets.Display.runDeferredEvents(Unknown Source)
	at org.eclipse.swt.widgets.Display.readAndDispatch(Unknown Source)
	at com.adcc.gui.QueueAddDialog.open(QueueAddDialog.java:67)
	at com.adcc.gui.QueueComposite$1.widgetSelected(QueueComposite.java:88)
	at org.eclipse.swt.widgets.TypedListener.handleEvent(Unknown Source)
	at org.eclipse.swt.widgets.EventTable.sendEvent(Unknown Source)
	at org.eclipse.swt.widgets.Widget.sendEvent(Unknown Source)
	at org.eclipse.swt.widgets.Display.runDeferredEvents(Unknown Source)
	at org.eclipse.swt.widgets.Display.readAndDispatch(Unknown Source)
	at com.adcc.GWUsersConfigMain.main(GWUsersConfigMain.java:235)
	at sun.reflect.NativeMethodAccessorImpl.invoke0(Native Method)
	at sun.reflect.NativeMethodAccessorImpl.invoke(NativeMethodAccessorImpl.java:57)
	at sun.reflect.DelegatingMethodAccessorImpl.invoke(DelegatingMethodAccessorImpl.java:43)
	at java.lang.reflect.Method.invoke(Method.java:601)
	at com.intellij.rt.execution.application.AppMain.main(AppMain.java:134)
2016-09-19 10:43:20 [INFO] com.adcc.util.Log: -------------加载完成! 
2016-09-19 10:43:22 [INFO] com.adcc.util.Log: -------------success open! 
2016-09-19 10:43:44 [INFO] com.adcc.util.Log: -------------加载完成! 
2016-09-19 10:43:46 [INFO] com.adcc.util.Log: -------------success open! 
2016-09-19 10:44:58 [ERROR] com.adcc.util.Log: 保存队列失败:请核对队列名称是否与面板信息或MQ Server重复！ 
com.ibm.mq.pcf.PCFException: MQJE001: 完成代码为 '2'，原因为 '4001'。
	at com.ibm.mq.pcf.PCFMessageAgent.send(PCFMessageAgent.java:242)
	at com.adcc.ags.utility.mq.transfer.manager.MQManagerImpl.createQueue(MQManagerImpl.java:192)
	at com.adcc.gui.QueueAddDialog$1.widgetSelected(QueueAddDialog.java:135)
	at org.eclipse.swt.widgets.TypedListener.handleEvent(Unknown Source)
	at org.eclipse.swt.widgets.EventTable.sendEvent(Unknown Source)
	at org.eclipse.swt.widgets.Widget.sendEvent(Unknown Source)
	at org.eclipse.swt.widgets.Display.runDeferredEvents(Unknown Source)
	at org.eclipse.swt.widgets.Display.readAndDispatch(Unknown Source)
	at com.adcc.gui.QueueAddDialog.open(QueueAddDialog.java:67)
	at com.adcc.gui.QueueComposite$1.widgetSelected(QueueComposite.java:88)
	at org.eclipse.swt.widgets.TypedListener.handleEvent(Unknown Source)
	at org.eclipse.swt.widgets.EventTable.sendEvent(Unknown Source)
	at org.eclipse.swt.widgets.Widget.sendEvent(Unknown Source)
	at org.eclipse.swt.widgets.Display.runDeferredEvents(Unknown Source)
	at org.eclipse.swt.widgets.Display.readAndDispatch(Unknown Source)
	at com.adcc.GWUsersConfigMain.main(GWUsersConfigMain.java:235)
2016-09-19 10:48:35 [INFO] com.adcc.util.Log: -------------加载完成! 
2016-09-19 10:48:37 [INFO] com.adcc.util.Log: -------------success open! 
2016-09-19 10:49:32 [ERROR] com.adcc.util.Log: 新增主题失败 
com.ibm.mq.pcf.PCFException: MQJE001: 完成代码为 '2'，原因为 '4001'。
	at com.ibm.mq.pcf.PCFMessageAgent.send(PCFMessageAgent.java:242)
	at com.adcc.ags.utility.mq.transfer.manager.MQManagerImpl.createTopic(MQManagerImpl.java:315)
	at com.adcc.gui.TopicAddDialog$1.widgetSelected(TopicAddDialog.java:129)
	at org.eclipse.swt.widgets.TypedListener.handleEvent(Unknown Source)
	at org.eclipse.swt.widgets.EventTable.sendEvent(Unknown Source)
	at org.eclipse.swt.widgets.Widget.sendEvent(Unknown Source)
	at org.eclipse.swt.widgets.Display.runDeferredEvents(Unknown Source)
	at org.eclipse.swt.widgets.Display.readAndDispatch(Unknown Source)
	at com.adcc.gui.TopicAddDialog.open(TopicAddDialog.java:64)
	at com.adcc.gui.TopicComposite$1.widgetSelected(TopicComposite.java:76)
	at org.eclipse.swt.widgets.TypedListener.handleEvent(Unknown Source)
	at org.eclipse.swt.widgets.EventTable.sendEvent(Unknown Source)
	at org.eclipse.swt.widgets.Widget.sendEvent(Unknown Source)
	at org.eclipse.swt.widgets.Display.runDeferredEvents(Unknown Source)
	at org.eclipse.swt.widgets.Display.readAndDispatch(Unknown Source)
	at com.adcc.GWUsersConfigMain.main(GWUsersConfigMain.java:235)
2016-09-19 10:50:24 [ERROR] com.adcc.util.Log: 新增通道失败:请核对通道名称是否与面板信息或MQ Server重复！ 
com.ibm.mq.pcf.PCFException: MQJE001: 完成代码为 '2'，原因为 '4001'。
	at com.ibm.mq.pcf.PCFMessageAgent.send(PCFMessageAgent.java:242)
	at com.adcc.ags.utility.mq.transfer.manager.MQManagerImpl.createChannel(MQManagerImpl.java:89)
	at com.adcc.gui.ChannelAddDialog$1.widgetSelected(ChannelAddDialog.java:110)
	at org.eclipse.swt.widgets.TypedListener.handleEvent(Unknown Source)
	at org.eclipse.swt.widgets.EventTable.sendEvent(Unknown Source)
	at org.eclipse.swt.widgets.Widget.sendEvent(Unknown Source)
	at org.eclipse.swt.widgets.Display.runDeferredEvents(Unknown Source)
	at org.eclipse.swt.widgets.Display.readAndDispatch(Unknown Source)
	at com.adcc.gui.ChannelAddDialog.open(ChannelAddDialog.java:64)
	at com.adcc.gui.ChannelComposite$1.widgetSelected(ChannelComposite.java:52)
	at org.eclipse.swt.widgets.TypedListener.handleEvent(Unknown Source)
	at org.eclipse.swt.widgets.EventTable.sendEvent(Unknown Source)
	at org.eclipse.swt.widgets.Widget.sendEvent(Unknown Source)
	at org.eclipse.swt.widgets.Display.runDeferredEvents(Unknown Source)
	at org.eclipse.swt.widgets.Display.readAndDispatch(Unknown Source)
	at com.adcc.gui.TopicAddDialog.open(TopicAddDialog.java:64)
	at com.adcc.gui.TopicComposite$1.widgetSelected(TopicComposite.java:76)
	at org.eclipse.swt.widgets.TypedListener.handleEvent(Unknown Source)
	at org.eclipse.swt.widgets.EventTable.sendEvent(Unknown Source)
	at org.eclipse.swt.widgets.Widget.sendEvent(Unknown Source)
	at org.eclipse.swt.widgets.Display.runDeferredEvents(Unknown Source)
	at org.eclipse.swt.widgets.Display.readAndDispatch(Unknown Source)
	at com.adcc.GWUsersConfigMain.main(GWUsersConfigMain.java:235)
2016-09-19 10:51:28 [ERROR] com.adcc.util.Log: 保存队列失败:请核对队列名称是否与面板信息或MQ Server重复！ 
com.ibm.mq.pcf.PCFException: MQJE001: 完成代码为 '2'，原因为 '4001'。
	at com.ibm.mq.pcf.PCFMessageAgent.send(PCFMessageAgent.java:242)
	at com.adcc.ags.utility.mq.transfer.manager.MQManagerImpl.createQueue(MQManagerImpl.java:192)
	at com.adcc.gui.QueueAddDialog$1.widgetSelected(QueueAddDialog.java:135)
	at org.eclipse.swt.widgets.TypedListener.handleEvent(Unknown Source)
	at org.eclipse.swt.widgets.EventTable.sendEvent(Unknown Source)
	at org.eclipse.swt.widgets.Widget.sendEvent(Unknown Source)
	at org.eclipse.swt.widgets.Display.runDeferredEvents(Unknown Source)
	at org.eclipse.swt.widgets.Display.readAndDispatch(Unknown Source)
	at com.adcc.gui.QueueAddDialog.open(QueueAddDialog.java:67)
	at com.adcc.gui.QueueComposite$1.widgetSelected(QueueComposite.java:88)
	at org.eclipse.swt.widgets.TypedListener.handleEvent(Unknown Source)
	at org.eclipse.swt.widgets.EventTable.sendEvent(Unknown Source)
	at org.eclipse.swt.widgets.Widget.sendEvent(Unknown Source)
	at org.eclipse.swt.widgets.Display.runDeferredEvents(Unknown Source)
	at org.eclipse.swt.widgets.Display.readAndDispatch(Unknown Source)
	at com.adcc.gui.ChannelAddDialog.open(ChannelAddDialog.java:64)
	at com.adcc.gui.ChannelComposite$1.widgetSelected(ChannelComposite.java:52)
	at org.eclipse.swt.widgets.TypedListener.handleEvent(Unknown Source)
	at org.eclipse.swt.widgets.EventTable.sendEvent(Unknown Source)
	at org.eclipse.swt.widgets.Widget.sendEvent(Unknown Source)
	at org.eclipse.swt.widgets.Display.runDeferredEvents(Unknown Source)
	at org.eclipse.swt.widgets.Display.readAndDispatch(Unknown Source)
	at com.adcc.gui.TopicAddDialog.open(TopicAddDialog.java:64)
	at com.adcc.gui.TopicComposite$1.widgetSelected(TopicComposite.java:76)
	at org.eclipse.swt.widgets.TypedListener.handleEvent(Unknown Source)
	at org.eclipse.swt.widgets.EventTable.sendEvent(Unknown Source)
	at org.eclipse.swt.widgets.Widget.sendEvent(Unknown Source)
	at org.eclipse.swt.widgets.Display.runDeferredEvents(Unknown Source)
	at org.eclipse.swt.widgets.Display.readAndDispatch(Unknown Source)
	at com.adcc.GWUsersConfigMain.main(GWUsersConfigMain.java:235)
2016-09-19 10:54:36 [INFO] com.adcc.util.Log: -------------加载完成! 
2016-09-19 10:54:37 [INFO] com.adcc.util.Log: -------------success open! 
2016-09-19 10:54:54 [ERROR] com.adcc.util.Log: 新增主题失败 
com.ibm.mq.pcf.PCFException: MQJE001: 完成代码为 '2'，原因为 '4001'。
	at com.ibm.mq.pcf.PCFMessageAgent.send(PCFMessageAgent.java:242)
	at com.adcc.ags.utility.mq.transfer.manager.MQManagerImpl.createTopic(MQManagerImpl.java:315)
	at com.adcc.gui.TopicAddDialog$1.widgetSelected(TopicAddDialog.java:127)
	at org.eclipse.swt.widgets.TypedListener.handleEvent(Unknown Source)
	at org.eclipse.swt.widgets.EventTable.sendEvent(Unknown Source)
	at org.eclipse.swt.widgets.Widget.sendEvent(Unknown Source)
	at org.eclipse.swt.widgets.Display.runDeferredEvents(Unknown Source)
	at org.eclipse.swt.widgets.Display.readAndDispatch(Unknown Source)
	at com.adcc.gui.TopicAddDialog.open(TopicAddDialog.java:64)
	at com.adcc.gui.TopicComposite$1.widgetSelected(TopicComposite.java:76)
	at org.eclipse.swt.widgets.TypedListener.handleEvent(Unknown Source)
	at org.eclipse.swt.widgets.EventTable.sendEvent(Unknown Source)
	at org.eclipse.swt.widgets.Widget.sendEvent(Unknown Source)
	at org.eclipse.swt.widgets.Display.runDeferredEvents(Unknown Source)
	at org.eclipse.swt.widgets.Display.readAndDispatch(Unknown Source)
	at com.adcc.GWUsersConfigMain.main(GWUsersConfigMain.java:235)
2016-09-19 11:16:11 [INFO] com.adcc.util.Log: -------------加载完成! 
2016-09-19 11:16:12 [INFO] com.adcc.util.Log: -------------success open! 
2016-09-19 11:16:19 [ERROR] com.adcc.util.Log: -----------推送黑名单配置失败! 
javax.ws.rs.ProcessingException: java.net.ConnectException: Connection refused: connect
	at org.glassfish.jersey.client.internal.HttpUrlConnector.apply(HttpUrlConnector.java:287)
	at org.glassfish.jersey.client.ClientRuntime.invoke(ClientRuntime.java:255)
	at org.glassfish.jersey.client.JerseyInvocation$1.call(JerseyInvocation.java:684)
	at org.glassfish.jersey.client.JerseyInvocation$1.call(JerseyInvocation.java:681)
	at org.glassfish.jersey.internal.Errors.process(Errors.java:315)
	at org.glassfish.jersey.internal.Errors.process(Errors.java:297)
	at org.glassfish.jersey.internal.Errors.process(Errors.java:228)
	at org.glassfish.jersey.process.internal.RequestScope.runInScope(RequestScope.java:444)
	at org.glassfish.jersey.client.JerseyInvocation.invoke(JerseyInvocation.java:681)
	at org.glassfish.jersey.client.JerseyInvocation$Builder.method(JerseyInvocation.java:437)
	at org.glassfish.jersey.client.JerseyInvocation$Builder.post(JerseyInvocation.java:343)
	at com.adcc.gui.USERSConfigShell$15.widgetSelected(USERSConfigShell.java:663)
	at org.eclipse.swt.widgets.TypedListener.handleEvent(Unknown Source)
	at org.eclipse.swt.widgets.EventTable.sendEvent(Unknown Source)
	at org.eclipse.swt.widgets.Widget.sendEvent(Unknown Source)
	at org.eclipse.swt.widgets.Display.runDeferredEvents(Unknown Source)
	at org.eclipse.swt.widgets.Display.readAndDispatch(Unknown Source)
	at com.adcc.GWUsersConfigMain.main(GWUsersConfigMain.java:235)
Caused by: java.net.ConnectException: Connection refused: connect
	at java.net.DualStackPlainSocketImpl.connect0(Native Method)
	at java.net.DualStackPlainSocketImpl.socketConnect(DualStackPlainSocketImpl.java:69)
	at java.net.AbstractPlainSocketImpl.doConnect(AbstractPlainSocketImpl.java:339)
	at java.net.AbstractPlainSocketImpl.connectToAddress(AbstractPlainSocketImpl.java:200)
	at java.net.AbstractPlainSocketImpl.connect(AbstractPlainSocketImpl.java:182)
	at java.net.PlainSocketImpl.connect(PlainSocketImpl.java:157)
	at java.net.SocksSocketImpl.connect(SocksSocketImpl.java:391)
	at java.net.Socket.connect(Socket.java:579)
	at sun.net.NetworkClient.doConnect(NetworkClient.java:175)
	at sun.net.www.http.HttpClient.openServer(HttpClient.java:378)
	at sun.net.www.http.HttpClient.openServer(HttpClient.java:473)
	at sun.net.www.http.HttpClient.<init>(HttpClient.java:203)
	at sun.net.www.http.HttpClient.New(HttpClient.java:290)
	at sun.net.www.http.HttpClient.New(HttpClient.java:306)
	at sun.net.www.protocol.http.HttpURLConnection.getNewHttpClient(HttpURLConnection.java:995)
	at sun.net.www.protocol.http.HttpURLConnection.plainConnect(HttpURLConnection.java:931)
	at sun.net.www.protocol.http.HttpURLConnection.connect(HttpURLConnection.java:849)
	at sun.net.www.protocol.http.HttpURLConnection.getOutputStream(HttpURLConnection.java:1090)
	at org.glassfish.jersey.client.internal.HttpUrlConnector$4.getOutputStream(HttpUrlConnector.java:385)
	at org.glassfish.jersey.message.internal.CommittingOutputStream.commitStream(CommittingOutputStream.java:200)
	at org.glassfish.jersey.message.internal.CommittingOutputStream.commitStream(CommittingOutputStream.java:194)
	at org.glassfish.jersey.message.internal.CommittingOutputStream.write(CommittingOutputStream.java:228)
	at org.glassfish.jersey.message.internal.WriterInterceptorExecutor$UnCloseableOutputStream.write(WriterInterceptorExecutor.java:299)
	at sun.nio.cs.StreamEncoder.writeBytes(StreamEncoder.java:221)
	at sun.nio.cs.StreamEncoder.implFlushBuffer(StreamEncoder.java:291)
	at sun.nio.cs.StreamEncoder.implFlush(StreamEncoder.java:295)
	at sun.nio.cs.StreamEncoder.flush(StreamEncoder.java:141)
	at java.io.OutputStreamWriter.flush(OutputStreamWriter.java:229)
	at java.io.BufferedWriter.flush(BufferedWriter.java:254)
	at org.glassfish.jersey.media.multipart.internal.MultiPartWriter.writeTo(MultiPartWriter.java:208)
	at org.glassfish.jersey.media.multipart.internal.MultiPartWriter.writeTo(MultiPartWriter.java:79)
	at org.glassfish.jersey.message.internal.WriterInterceptorExecutor$TerminalWriterInterceptor.invokeWriteTo(WriterInterceptorExecutor.java:265)
	at org.glassfish.jersey.message.internal.WriterInterceptorExecutor$TerminalWriterInterceptor.aroundWriteTo(WriterInterceptorExecutor.java:250)
	at org.glassfish.jersey.message.internal.WriterInterceptorExecutor.proceed(WriterInterceptorExecutor.java:162)
	at org.glassfish.jersey.message.internal.MessageBodyFactory.writeTo(MessageBodyFactory.java:1130)
	at org.glassfish.jersey.client.ClientRequest.writeEntity(ClientRequest.java:502)
	at org.glassfish.jersey.client.internal.HttpUrlConnector._apply(HttpUrlConnector.java:388)
	at org.glassfish.jersey.client.internal.HttpUrlConnector.apply(HttpUrlConnector.java:285)
	... 17 more
2016-09-19 11:18:44 [INFO] com.adcc.util.Log: -------------加载完成! 
2016-09-19 11:18:45 [INFO] com.adcc.util.Log: -------------success open! 
2016-09-19 11:19:15 [INFO] com.adcc.util.Log: -------------加载完成! 
2016-09-19 11:19:17 [INFO] com.adcc.util.Log: -------------success open! 
2016-09-19 11:19:26 [ERROR] com.adcc.util.Log: -----------推送黑名单配置失败，服务器连接有问题! 
javax.ws.rs.ProcessingException: java.net.ConnectException: Connection refused: connect
	at org.glassfish.jersey.client.internal.HttpUrlConnector.apply(HttpUrlConnector.java:287)
	at org.glassfish.jersey.client.ClientRuntime.invoke(ClientRuntime.java:255)
	at org.glassfish.jersey.client.JerseyInvocation$1.call(JerseyInvocation.java:684)
	at org.glassfish.jersey.client.JerseyInvocation$1.call(JerseyInvocation.java:681)
	at org.glassfish.jersey.internal.Errors.process(Errors.java:315)
	at org.glassfish.jersey.internal.Errors.process(Errors.java:297)
	at org.glassfish.jersey.internal.Errors.process(Errors.java:228)
	at org.glassfish.jersey.process.internal.RequestScope.runInScope(RequestScope.java:444)
	at org.glassfish.jersey.client.JerseyInvocation.invoke(JerseyInvocation.java:681)
	at org.glassfish.jersey.client.JerseyInvocation$Builder.method(JerseyInvocation.java:437)
	at org.glassfish.jersey.client.JerseyInvocation$Builder.post(JerseyInvocation.java:343)
	at com.adcc.gui.USERSConfigShell$15.widgetSelected(USERSConfigShell.java:665)
	at org.eclipse.swt.widgets.TypedListener.handleEvent(Unknown Source)
	at org.eclipse.swt.widgets.EventTable.sendEvent(Unknown Source)
	at org.eclipse.swt.widgets.Widget.sendEvent(Unknown Source)
	at org.eclipse.swt.widgets.Display.runDeferredEvents(Unknown Source)
	at org.eclipse.swt.widgets.Display.readAndDispatch(Unknown Source)
	at com.adcc.GWUsersConfigMain.main(GWUsersConfigMain.java:235)
Caused by: java.net.ConnectException: Connection refused: connect
	at java.net.DualStackPlainSocketImpl.connect0(Native Method)
	at java.net.DualStackPlainSocketImpl.socketConnect(DualStackPlainSocketImpl.java:69)
	at java.net.AbstractPlainSocketImpl.doConnect(AbstractPlainSocketImpl.java:339)
	at java.net.AbstractPlainSocketImpl.connectToAddress(AbstractPlainSocketImpl.java:200)
	at java.net.AbstractPlainSocketImpl.connect(AbstractPlainSocketImpl.java:182)
	at java.net.PlainSocketImpl.connect(PlainSocketImpl.java:157)
	at java.net.SocksSocketImpl.connect(SocksSocketImpl.java:391)
	at java.net.Socket.connect(Socket.java:579)
	at sun.net.NetworkClient.doConnect(NetworkClient.java:175)
	at sun.net.www.http.HttpClient.openServer(HttpClient.java:378)
	at sun.net.www.http.HttpClient.openServer(HttpClient.java:473)
	at sun.net.www.http.HttpClient.<init>(HttpClient.java:203)
	at sun.net.www.http.HttpClient.New(HttpClient.java:290)
	at sun.net.www.http.HttpClient.New(HttpClient.java:306)
	at sun.net.www.protocol.http.HttpURLConnection.getNewHttpClient(HttpURLConnection.java:995)
	at sun.net.www.protocol.http.HttpURLConnection.plainConnect(HttpURLConnection.java:931)
	at sun.net.www.protocol.http.HttpURLConnection.connect(HttpURLConnection.java:849)
	at sun.net.www.protocol.http.HttpURLConnection.getOutputStream(HttpURLConnection.java:1090)
	at org.glassfish.jersey.client.internal.HttpUrlConnector$4.getOutputStream(HttpUrlConnector.java:385)
	at org.glassfish.jersey.message.internal.CommittingOutputStream.commitStream(CommittingOutputStream.java:200)
	at org.glassfish.jersey.message.internal.CommittingOutputStream.commitStream(CommittingOutputStream.java:194)
	at org.glassfish.jersey.message.internal.CommittingOutputStream.write(CommittingOutputStream.java:228)
	at org.glassfish.jersey.message.internal.WriterInterceptorExecutor$UnCloseableOutputStream.write(WriterInterceptorExecutor.java:299)
	at sun.nio.cs.StreamEncoder.writeBytes(StreamEncoder.java:221)
	at sun.nio.cs.StreamEncoder.implFlushBuffer(StreamEncoder.java:291)
	at sun.nio.cs.StreamEncoder.implFlush(StreamEncoder.java:295)
	at sun.nio.cs.StreamEncoder.flush(StreamEncoder.java:141)
	at java.io.OutputStreamWriter.flush(OutputStreamWriter.java:229)
	at java.io.BufferedWriter.flush(BufferedWriter.java:254)
	at org.glassfish.jersey.media.multipart.internal.MultiPartWriter.writeTo(MultiPartWriter.java:208)
	at org.glassfish.jersey.media.multipart.internal.MultiPartWriter.writeTo(MultiPartWriter.java:79)
	at org.glassfish.jersey.message.internal.WriterInterceptorExecutor$TerminalWriterInterceptor.invokeWriteTo(WriterInterceptorExecutor.java:265)
	at org.glassfish.jersey.message.internal.WriterInterceptorExecutor$TerminalWriterInterceptor.aroundWriteTo(WriterInterceptorExecutor.java:250)
	at org.glassfish.jersey.message.internal.WriterInterceptorExecutor.proceed(WriterInterceptorExecutor.java:162)
	at org.glassfish.jersey.message.internal.MessageBodyFactory.writeTo(MessageBodyFactory.java:1130)
	at org.glassfish.jersey.client.ClientRequest.writeEntity(ClientRequest.java:502)
	at org.glassfish.jersey.client.internal.HttpUrlConnector._apply(HttpUrlConnector.java:388)
	at org.glassfish.jersey.client.internal.HttpUrlConnector.apply(HttpUrlConnector.java:285)
	... 17 more
2016-09-19 11:19:26 [ERROR] com.adcc.util.Log: -----------推送黑名单配置失败! 
java.lang.NullPointerException
	at com.adcc.gui.USERSConfigShell$15.widgetSelected(USERSConfigShell.java:677)
	at org.eclipse.swt.widgets.TypedListener.handleEvent(Unknown Source)
	at org.eclipse.swt.widgets.EventTable.sendEvent(Unknown Source)
	at org.eclipse.swt.widgets.Widget.sendEvent(Unknown Source)
	at org.eclipse.swt.widgets.Display.runDeferredEvents(Unknown Source)
	at org.eclipse.swt.widgets.Display.readAndDispatch(Unknown Source)
	at com.adcc.GWUsersConfigMain.main(GWUsersConfigMain.java:235)
2016-09-19 11:21:27 [INFO] com.adcc.util.Log: -------------加载完成! 
2016-09-19 11:21:28 [INFO] com.adcc.util.Log: -------------success open! 
2016-09-19 11:21:43 [ERROR] com.adcc.util.Log: -----------推送黑名单配置失败，服务器连接有问题! 
javax.ws.rs.ProcessingException: java.net.ConnectException: Connection refused: connect
	at org.glassfish.jersey.client.internal.HttpUrlConnector.apply(HttpUrlConnector.java:287)
	at org.glassfish.jersey.client.ClientRuntime.invoke(ClientRuntime.java:255)
	at org.glassfish.jersey.client.JerseyInvocation$1.call(JerseyInvocation.java:684)
	at org.glassfish.jersey.client.JerseyInvocation$1.call(JerseyInvocation.java:681)
	at org.glassfish.jersey.internal.Errors.process(Errors.java:315)
	at org.glassfish.jersey.internal.Errors.process(Errors.java:297)
	at org.glassfish.jersey.internal.Errors.process(Errors.java:228)
	at org.glassfish.jersey.process.internal.RequestScope.runInScope(RequestScope.java:444)
	at org.glassfish.jersey.client.JerseyInvocation.invoke(JerseyInvocation.java:681)
	at org.glassfish.jersey.client.JerseyInvocation$Builder.method(JerseyInvocation.java:437)
	at org.glassfish.jersey.client.JerseyInvocation$Builder.post(JerseyInvocation.java:343)
	at com.adcc.gui.USERSConfigShell$15.widgetSelected(USERSConfigShell.java:673)
	at org.eclipse.swt.widgets.TypedListener.handleEvent(Unknown Source)
	at org.eclipse.swt.widgets.EventTable.sendEvent(Unknown Source)
	at org.eclipse.swt.widgets.Widget.sendEvent(Unknown Source)
	at org.eclipse.swt.widgets.Display.runDeferredEvents(Unknown Source)
	at org.eclipse.swt.widgets.Display.readAndDispatch(Unknown Source)
	at com.adcc.GWUsersConfigMain.main(GWUsersConfigMain.java:235)
Caused by: java.net.ConnectException: Connection refused: connect
	at java.net.DualStackPlainSocketImpl.connect0(Native Method)
	at java.net.DualStackPlainSocketImpl.socketConnect(DualStackPlainSocketImpl.java:69)
	at java.net.AbstractPlainSocketImpl.doConnect(AbstractPlainSocketImpl.java:339)
	at java.net.AbstractPlainSocketImpl.connectToAddress(AbstractPlainSocketImpl.java:200)
	at java.net.AbstractPlainSocketImpl.connect(AbstractPlainSocketImpl.java:182)
	at java.net.PlainSocketImpl.connect(PlainSocketImpl.java:157)
	at java.net.SocksSocketImpl.connect(SocksSocketImpl.java:391)
	at java.net.Socket.connect(Socket.java:579)
	at sun.net.NetworkClient.doConnect(NetworkClient.java:175)
	at sun.net.www.http.HttpClient.openServer(HttpClient.java:378)
	at sun.net.www.http.HttpClient.openServer(HttpClient.java:473)
	at sun.net.www.http.HttpClient.<init>(HttpClient.java:203)
	at sun.net.www.http.HttpClient.New(HttpClient.java:290)
	at sun.net.www.http.HttpClient.New(HttpClient.java:306)
	at sun.net.www.protocol.http.HttpURLConnection.getNewHttpClient(HttpURLConnection.java:995)
	at sun.net.www.protocol.http.HttpURLConnection.plainConnect(HttpURLConnection.java:931)
	at sun.net.www.protocol.http.HttpURLConnection.connect(HttpURLConnection.java:849)
	at sun.net.www.protocol.http.HttpURLConnection.getOutputStream(HttpURLConnection.java:1090)
	at org.glassfish.jersey.client.internal.HttpUrlConnector$4.getOutputStream(HttpUrlConnector.java:385)
	at org.glassfish.jersey.message.internal.CommittingOutputStream.commitStream(CommittingOutputStream.java:200)
	at org.glassfish.jersey.message.internal.CommittingOutputStream.commitStream(CommittingOutputStream.java:194)
	at org.glassfish.jersey.message.internal.CommittingOutputStream.write(CommittingOutputStream.java:228)
	at org.glassfish.jersey.message.internal.WriterInterceptorExecutor$UnCloseableOutputStream.write(WriterInterceptorExecutor.java:299)
	at sun.nio.cs.StreamEncoder.writeBytes(StreamEncoder.java:221)
	at sun.nio.cs.StreamEncoder.implFlushBuffer(StreamEncoder.java:291)
	at sun.nio.cs.StreamEncoder.implFlush(StreamEncoder.java:295)
	at sun.nio.cs.StreamEncoder.flush(StreamEncoder.java:141)
	at java.io.OutputStreamWriter.flush(OutputStreamWriter.java:229)
	at java.io.BufferedWriter.flush(BufferedWriter.java:254)
	at org.glassfish.jersey.media.multipart.internal.MultiPartWriter.writeTo(MultiPartWriter.java:208)
	at org.glassfish.jersey.media.multipart.internal.MultiPartWriter.writeTo(MultiPartWriter.java:79)
	at org.glassfish.jersey.message.internal.WriterInterceptorExecutor$TerminalWriterInterceptor.invokeWriteTo(WriterInterceptorExecutor.java:265)
	at org.glassfish.jersey.message.internal.WriterInterceptorExecutor$TerminalWriterInterceptor.aroundWriteTo(WriterInterceptorExecutor.java:250)
	at org.glassfish.jersey.message.internal.WriterInterceptorExecutor.proceed(WriterInterceptorExecutor.java:162)
	at org.glassfish.jersey.message.internal.MessageBodyFactory.writeTo(MessageBodyFactory.java:1130)
	at org.glassfish.jersey.client.ClientRequest.writeEntity(ClientRequest.java:502)
	at org.glassfish.jersey.client.internal.HttpUrlConnector._apply(HttpUrlConnector.java:388)
	at org.glassfish.jersey.client.internal.HttpUrlConnector.apply(HttpUrlConnector.java:285)
	... 17 more
2016-09-19 11:21:43 [ERROR] com.adcc.util.Log: -----------推送黑名单配置失败! 
java.lang.NullPointerException
	at com.adcc.gui.USERSConfigShell$15.widgetSelected(USERSConfigShell.java:685)
	at org.eclipse.swt.widgets.TypedListener.handleEvent(Unknown Source)
	at org.eclipse.swt.widgets.EventTable.sendEvent(Unknown Source)
	at org.eclipse.swt.widgets.Widget.sendEvent(Unknown Source)
	at org.eclipse.swt.widgets.Display.runDeferredEvents(Unknown Source)
	at org.eclipse.swt.widgets.Display.readAndDispatch(Unknown Source)
	at com.adcc.GWUsersConfigMain.main(GWUsersConfigMain.java:235)
2016-09-19 11:22:00 [ERROR] com.adcc.util.Log: -----------推送用户配置失败，服务器连接有问题! 
javax.ws.rs.ProcessingException: java.net.ConnectException: Connection refused: connect
	at org.glassfish.jersey.client.internal.HttpUrlConnector.apply(HttpUrlConnector.java:287)
	at org.glassfish.jersey.client.ClientRuntime.invoke(ClientRuntime.java:255)
	at org.glassfish.jersey.client.JerseyInvocation$1.call(JerseyInvocation.java:684)
	at org.glassfish.jersey.client.JerseyInvocation$1.call(JerseyInvocation.java:681)
	at org.glassfish.jersey.internal.Errors.process(Errors.java:315)
	at org.glassfish.jersey.internal.Errors.process(Errors.java:297)
	at org.glassfish.jersey.internal.Errors.process(Errors.java:228)
	at org.glassfish.jersey.process.internal.RequestScope.runInScope(RequestScope.java:444)
	at org.glassfish.jersey.client.JerseyInvocation.invoke(JerseyInvocation.java:681)
	at org.glassfish.jersey.client.JerseyInvocation$Builder.method(JerseyInvocation.java:437)
	at org.glassfish.jersey.client.JerseyInvocation$Builder.post(JerseyInvocation.java:343)
	at com.adcc.gui.USERSConfigShell$5.widgetSelected(USERSConfigShell.java:351)
	at org.eclipse.swt.widgets.TypedListener.handleEvent(Unknown Source)
	at org.eclipse.swt.widgets.EventTable.sendEvent(Unknown Source)
	at org.eclipse.swt.widgets.Widget.sendEvent(Unknown Source)
	at org.eclipse.swt.widgets.Display.runDeferredEvents(Unknown Source)
	at org.eclipse.swt.widgets.Display.readAndDispatch(Unknown Source)
	at com.adcc.GWUsersConfigMain.main(GWUsersConfigMain.java:235)
Caused by: java.net.ConnectException: Connection refused: connect
	at java.net.DualStackPlainSocketImpl.connect0(Native Method)
	at java.net.DualStackPlainSocketImpl.socketConnect(DualStackPlainSocketImpl.java:69)
	at java.net.AbstractPlainSocketImpl.doConnect(AbstractPlainSocketImpl.java:339)
	at java.net.AbstractPlainSocketImpl.connectToAddress(AbstractPlainSocketImpl.java:200)
	at java.net.AbstractPlainSocketImpl.connect(AbstractPlainSocketImpl.java:182)
	at java.net.PlainSocketImpl.connect(PlainSocketImpl.java:157)
	at java.net.SocksSocketImpl.connect(SocksSocketImpl.java:391)
	at java.net.Socket.connect(Socket.java:579)
	at sun.net.NetworkClient.doConnect(NetworkClient.java:175)
	at sun.net.www.http.HttpClient.openServer(HttpClient.java:378)
	at sun.net.www.http.HttpClient.openServer(HttpClient.java:473)
	at sun.net.www.http.HttpClient.<init>(HttpClient.java:203)
	at sun.net.www.http.HttpClient.New(HttpClient.java:290)
	at sun.net.www.http.HttpClient.New(HttpClient.java:306)
	at sun.net.www.protocol.http.HttpURLConnection.getNewHttpClient(HttpURLConnection.java:995)
	at sun.net.www.protocol.http.HttpURLConnection.plainConnect(HttpURLConnection.java:931)
	at sun.net.www.protocol.http.HttpURLConnection.connect(HttpURLConnection.java:849)
	at sun.net.www.protocol.http.HttpURLConnection.getOutputStream(HttpURLConnection.java:1090)
	at org.glassfish.jersey.client.internal.HttpUrlConnector$4.getOutputStream(HttpUrlConnector.java:385)
	at org.glassfish.jersey.message.internal.CommittingOutputStream.commitStream(CommittingOutputStream.java:200)
	at org.glassfish.jersey.message.internal.CommittingOutputStream.commitStream(CommittingOutputStream.java:194)
	at org.glassfish.jersey.message.internal.CommittingOutputStream.write(CommittingOutputStream.java:228)
	at org.glassfish.jersey.message.internal.WriterInterceptorExecutor$UnCloseableOutputStream.write(WriterInterceptorExecutor.java:299)
	at sun.nio.cs.StreamEncoder.writeBytes(StreamEncoder.java:221)
	at sun.nio.cs.StreamEncoder.implFlushBuffer(StreamEncoder.java:291)
	at sun.nio.cs.StreamEncoder.implFlush(StreamEncoder.java:295)
	at sun.nio.cs.StreamEncoder.flush(StreamEncoder.java:141)
	at java.io.OutputStreamWriter.flush(OutputStreamWriter.java:229)
	at java.io.BufferedWriter.flush(BufferedWriter.java:254)
	at org.glassfish.jersey.media.multipart.internal.MultiPartWriter.writeTo(MultiPartWriter.java:208)
	at org.glassfish.jersey.media.multipart.internal.MultiPartWriter.writeTo(MultiPartWriter.java:79)
	at org.glassfish.jersey.message.internal.WriterInterceptorExecutor$TerminalWriterInterceptor.invokeWriteTo(WriterInterceptorExecutor.java:265)
	at org.glassfish.jersey.message.internal.WriterInterceptorExecutor$TerminalWriterInterceptor.aroundWriteTo(WriterInterceptorExecutor.java:250)
	at org.glassfish.jersey.message.internal.WriterInterceptorExecutor.proceed(WriterInterceptorExecutor.java:162)
	at org.glassfish.jersey.message.internal.MessageBodyFactory.writeTo(MessageBodyFactory.java:1130)
	at org.glassfish.jersey.client.ClientRequest.writeEntity(ClientRequest.java:502)
	at org.glassfish.jersey.client.internal.HttpUrlConnector._apply(HttpUrlConnector.java:388)
	at org.glassfish.jersey.client.internal.HttpUrlConnector.apply(HttpUrlConnector.java:285)
	... 17 more
2016-09-19 11:22:00 [ERROR] com.adcc.util.Log: -----------推送用户配置失败! 
java.lang.NullPointerException
	at com.adcc.gui.USERSConfigShell$5.widgetSelected(USERSConfigShell.java:362)
	at org.eclipse.swt.widgets.TypedListener.handleEvent(Unknown Source)
	at org.eclipse.swt.widgets.EventTable.sendEvent(Unknown Source)
	at org.eclipse.swt.widgets.Widget.sendEvent(Unknown Source)
	at org.eclipse.swt.widgets.Display.runDeferredEvents(Unknown Source)
	at org.eclipse.swt.widgets.Display.readAndDispatch(Unknown Source)
	at com.adcc.GWUsersConfigMain.main(GWUsersConfigMain.java:235)
2016-09-19 13:23:23 [INFO] com.adcc.util.Log: -------------加载完成! 
2016-09-19 13:23:24 [INFO] com.adcc.util.Log: -------------success open! 
2016-09-19 13:26:56 [INFO] com.adcc.util.Log: -------------加载完成! 
2016-09-19 13:26:58 [INFO] com.adcc.util.Log: -------------success open! 
2016-09-19 13:41:36 [INFO] com.adcc.util.Log: -------------加载完成! 
2016-09-19 13:41:37 [INFO] com.adcc.util.Log: -------------success open! 
2016-09-19 13:49:23 [INFO] com.adcc.util.Log: -------------加载完成! 
2016-09-19 13:49:24 [INFO] com.adcc.util.Log: -------------success open! 
2016-09-19 14:42:19 [INFO] com.adcc.util.Log: -------------加载完成! 
2016-09-19 14:42:21 [INFO] com.adcc.util.Log: -------------success open! 
2016-09-19 14:51:35 [INFO] com.adcc.util.Log: -------------加载完成! 
2016-09-19 14:51:36 [INFO] com.adcc.util.Log: -------------success open! 
2016-09-19 14:56:24 [INFO] com.adcc.util.Log: -------------加载完成! 
2016-09-19 14:56:26 [INFO] com.adcc.util.Log: -------------success open! 
2016-09-19 15:11:50 [INFO] com.adcc.util.Log: -------------加载完成! 
2016-09-19 15:11:52 [INFO] com.adcc.util.Log: -------------success open! 
2016-09-19 15:20:00 [INFO] com.adcc.util.Log: -------------加载完成! 
2016-09-19 15:20:01 [INFO] com.adcc.util.Log: -------------success open! 
